<?xml version="1.0" encoding="UTF-8"?>
<!-- Generated by org.testng.reporters.JUnitReportReporter -->
<testsuite hostname="DESKTOP-M2JVM88" failures="0" tests="1" name="tests.BaseClass" time="0.011" errors="0" timestamp="2021-12-14T00:33:04 IST" skipped="0">
  <testcase classname="tests.BaseClass" name="test" time="0.011"/>
  <system-out/>
</testsuite> <!-- tests.BaseClass -->
