<?xml version="1.0" encoding="UTF-8"?>
<!-- Generated by org.testng.reporters.JUnitReportReporter -->
<testsuite hostname="DESKTOP-M2JVM88" failures="0" tests="1" name="tests.BaseTest" time="0.008" errors="0" timestamp="2021-12-14T13:37:37 IST" skipped="0">
  <testcase classname="tests.BaseTest" name="test1" time="0.008"/>
  <system-out/>
</testsuite> <!-- tests.BaseTest -->
