<?xml version="1.0" encoding="UTF-8"?>
<!-- Generated by org.testng.reporters.JUnitReportReporter -->
<testsuite hostname="DESKTOP-M2JVM88" failures="0" tests="2" name="pages.sample" time="15.098" errors="0" timestamp="2021-12-14T17:23:34 IST" skipped="1">
  <testcase classname="pages.sample" name="test1" time="15.098"/>
  <system-out/>
  <testcase classname="pages.sample" name="jsonTest1">
    <skipped/>
  </testcase> <!-- jsonTest1 -->
  <system-out/>
</testsuite> <!-- pages.sample -->
